1761763851063	yin	hi
1762336666236	server	sendgcc joined the chat
1762336824732	sendgcc	hi
1762337068427	sendgcc	hey
1762337348008	server	alice joined the chat
1762337440630	alice	hjshydyd
1762339253999	server	alice left the chat
1762339256504	server	sendgcc left the chat
1762339506279	server	alice joined the chat
1762339525119	server	sendgcc joined the chat
1762341057738	server	sendgcc left the chat
1762341059709	server	alice left the chat
1762341962476	server	alice joined the chat
1762341998539	server	sendgcc joined the chat
1762342086537	server	sendgcc left the chat
1762342111821	server	sendgcc joined the chat
1762342300058	server	sendgcc left the chat
1762342304571	server	alice left the chat
1762343535425	server	alice joined the chat
1762343784555	server	alice left the chat
1762343817622	server	alice joined the chat
1762343841149	server	alice left the chat
1762343850087	server	alice joined the chat
1762344078855	server	alice left the chat
1762344800149	server	alice joined the chat
1762345361684	server	alice left the chat
1762349384773	server	alice joined the chat
1762349525140	server	alice left the chat
1762349549984	server	alice joined the chat
1762349943515	server	alice left the chat
1762349953769	server	alice joined the chat
1762350095609	server	alice left the chat
1762350095731	server	alice joined the chat
1762350243207	alice	hii 21:44
1762350387742	server	alice left the chat
1762350387844	server	alice joined the chat
1762350994571	server	alice left the chat
1762350998891	server	alice joined the chat
1762351028096	server	alice left the chat
1762351051679	server	alice joined the chat
1762351128557	server	alice left the chat
1762351136693	server	alice joined the chat
1762351454769	server	alice left the chat
1762351570988	server	sendgcc joined the chat
1762351589355	server	sendgcc left the chat
1762351609934	server	sendgcc joined the chat
1762351858444	server	sendgcc left the chat
1762351919513	server	alice joined the chat
1762351935020	server	alice left the chat
